{"/home/jericoestanislao/Documents/finaltask/src/domain/User.js":{"path":"/home/jericoestanislao/Documents/finaltask/src/domain/User.js","s":{"1":1,"2":1,"3":1,"4":1,"5":0,"6":0,"7":0,"8":0,"9":5,"10":2,"11":3,"12":3,"13":0,"14":0,"15":3,"16":5,"17":5,"18":0,"19":0,"20":0,"21":0,"22":5,"23":1,"24":4,"25":4,"26":4,"27":0,"28":6,"29":3,"30":3,"31":3,"32":2,"33":1,"34":5,"35":5,"36":0,"37":0,"38":0,"39":0,"40":5,"41":5,"42":0,"43":0,"44":0,"45":0,"46":5,"47":5,"48":0,"49":0,"50":0,"51":0,"52":1,"53":1,"54":1,"55":1,"56":1,"57":1},"b":{"1":[0,0],"2":[0,0],"3":[2,3],"4":[0,3],"5":[0,0],"6":[5,0],"7":[0,0],"8":[0,0],"9":[1,4],"10":[4,0],"11":[3,3],"12":[2,1],"13":[5,0],"14":[0,0],"15":[5,0],"16":[0,0],"17":[5,0],"18":[0,0]},"f":{"1":0,"2":5,"3":5,"4":5,"5":6,"6":5,"7":5,"8":5},"fnMap":{"1":{"name":"(anonymous_1)","line":35,"loc":{"start":{"line":35,"column":8},"end":{"line":35,"column":11}}},"2":{"name":"(anonymous_2)","line":44,"loc":{"start":{"line":44,"column":9},"end":{"line":44,"column":12}}},"3":{"name":"(anonymous_3)","line":57,"loc":{"start":{"line":57,"column":13},"end":{"line":57,"column":16}}},"4":{"name":"(anonymous_4)","line":70,"loc":{"start":{"line":70,"column":14},"end":{"line":70,"column":17}}},"5":{"name":"(anonymous_5)","line":84,"loc":{"start":{"line":84,"column":10},"end":{"line":84,"column":13}}},"6":{"name":"(anonymous_6)","line":95,"loc":{"start":{"line":95,"column":13},"end":{"line":95,"column":16}}},"7":{"name":"(anonymous_7)","line":105,"loc":{"start":{"line":105,"column":12},"end":{"line":105,"column":15}}},"8":{"name":"(anonymous_8)","line":115,"loc":{"start":{"line":115,"column":11},"end":{"line":115,"column":14}}}},"statementMap":{"1":{"start":{"line":1,"column":0},"end":{"line":1,"column":44}},"2":{"start":{"line":2,"column":0},"end":{"line":2,"column":45}},"3":{"start":{"line":3,"column":0},"end":{"line":3,"column":44}},"4":{"start":{"line":5,"column":0},"end":{"line":127,"column":3}},"5":{"start":{"line":36,"column":4},"end":{"line":36,"column":43}},"6":{"start":{"line":37,"column":4},"end":{"line":39,"column":5}},"7":{"start":{"line":38,"column":6},"end":{"line":38,"column":43}},"8":{"start":{"line":40,"column":4},"end":{"line":40,"column":18}},"9":{"start":{"line":45,"column":4},"end":{"line":47,"column":5}},"10":{"start":{"line":46,"column":6},"end":{"line":46,"column":18}},"11":{"start":{"line":48,"column":4},"end":{"line":48,"column":79}},"12":{"start":{"line":49,"column":4},"end":{"line":53,"column":5}},"13":{"start":{"line":50,"column":6},"end":{"line":52,"column":7}},"14":{"start":{"line":51,"column":8},"end":{"line":51,"column":46}},"15":{"start":{"line":54,"column":4},"end":{"line":54,"column":18}},"16":{"start":{"line":58,"column":4},"end":{"line":60,"column":5}},"17":{"start":{"line":59,"column":6},"end":{"line":59,"column":18}},"18":{"start":{"line":61,"column":4},"end":{"line":61,"column":101}},"19":{"start":{"line":62,"column":4},"end":{"line":64,"column":5}},"20":{"start":{"line":63,"column":6},"end":{"line":63,"column":65}},"21":{"start":{"line":65,"column":4},"end":{"line":65,"column":18}},"22":{"start":{"line":71,"column":4},"end":{"line":73,"column":5}},"23":{"start":{"line":72,"column":6},"end":{"line":72,"column":18}},"24":{"start":{"line":75,"column":4},"end":{"line":75,"column":44}},"25":{"start":{"line":76,"column":4},"end":{"line":81,"column":5}},"26":{"start":{"line":77,"column":6},"end":{"line":77,"column":20}},"27":{"start":{"line":80,"column":6},"end":{"line":80,"column":42}},"28":{"start":{"line":85,"column":4},"end":{"line":87,"column":5}},"29":{"start":{"line":86,"column":6},"end":{"line":86,"column":18}},"30":{"start":{"line":88,"column":4},"end":{"line":88,"column":62}},"31":{"start":{"line":89,"column":4},"end":{"line":91,"column":5}},"32":{"start":{"line":90,"column":6},"end":{"line":90,"column":46}},"33":{"start":{"line":92,"column":4},"end":{"line":92,"column":18}},"34":{"start":{"line":96,"column":4},"end":{"line":98,"column":5}},"35":{"start":{"line":97,"column":6},"end":{"line":97,"column":17}},"36":{"start":{"line":99,"column":4},"end":{"line":99,"column":60}},"37":{"start":{"line":100,"column":4},"end":{"line":102,"column":5}},"38":{"start":{"line":101,"column":6},"end":{"line":101,"column":47}},"39":{"start":{"line":103,"column":4},"end":{"line":103,"column":18}},"40":{"start":{"line":106,"column":4},"end":{"line":108,"column":5}},"41":{"start":{"line":107,"column":6},"end":{"line":107,"column":18}},"42":{"start":{"line":109,"column":4},"end":{"line":109,"column":59}},"43":{"start":{"line":110,"column":4},"end":{"line":112,"column":5}},"44":{"start":{"line":111,"column":6},"end":{"line":111,"column":46}},"45":{"start":{"line":113,"column":4},"end":{"line":113,"column":18}},"46":{"start":{"line":116,"column":4},"end":{"line":118,"column":5}},"47":{"start":{"line":117,"column":6},"end":{"line":117,"column":18}},"48":{"start":{"line":119,"column":4},"end":{"line":119,"column":61}},"49":{"start":{"line":120,"column":4},"end":{"line":122,"column":5}},"50":{"start":{"line":121,"column":6},"end":{"line":121,"column":48}},"51":{"start":{"line":123,"column":4},"end":{"line":123,"column":18}},"52":{"start":{"line":129,"column":0},"end":{"line":129,"column":11}},"53":{"start":{"line":131,"column":0},"end":{"line":131,"column":29}},"54":{"start":{"line":132,"column":0},"end":{"line":132,"column":26}},"55":{"start":{"line":133,"column":0},"end":{"line":133,"column":24}},"56":{"start":{"line":134,"column":0},"end":{"line":134,"column":22}},"57":{"start":{"line":137,"column":0},"end":{"line":137,"column":22}}},"branchMap":{"1":{"line":36,"type":"binary-expr","locations":[{"start":{"line":36,"column":14},"end":{"line":36,"column":24}},{"start":{"line":36,"column":28},"end":{"line":36,"column":41}}]},"2":{"line":37,"type":"if","locations":[{"start":{"line":37,"column":4},"end":{"line":37,"column":4}},{"start":{"line":37,"column":4},"end":{"line":37,"column":4}}]},"3":{"line":45,"type":"if","locations":[{"start":{"line":45,"column":4},"end":{"line":45,"column":4}},{"start":{"line":45,"column":4},"end":{"line":45,"column":4}}]},"4":{"line":49,"type":"if","locations":[{"start":{"line":49,"column":4},"end":{"line":49,"column":4}},{"start":{"line":49,"column":4},"end":{"line":49,"column":4}}]},"5":{"line":50,"type":"if","locations":[{"start":{"line":50,"column":6},"end":{"line":50,"column":6}},{"start":{"line":50,"column":6},"end":{"line":50,"column":6}}]},"6":{"line":58,"type":"if","locations":[{"start":{"line":58,"column":4},"end":{"line":58,"column":4}},{"start":{"line":58,"column":4},"end":{"line":58,"column":4}}]},"7":{"line":61,"type":"binary-expr","locations":[{"start":{"line":61,"column":14},"end":{"line":61,"column":55}},{"start":{"line":61,"column":59},"end":{"line":61,"column":99}}]},"8":{"line":62,"type":"if","locations":[{"start":{"line":62,"column":4},"end":{"line":62,"column":4}},{"start":{"line":62,"column":4},"end":{"line":62,"column":4}}]},"9":{"line":71,"type":"if","locations":[{"start":{"line":71,"column":4},"end":{"line":71,"column":4}},{"start":{"line":71,"column":4},"end":{"line":71,"column":4}}]},"10":{"line":76,"type":"if","locations":[{"start":{"line":76,"column":4},"end":{"line":76,"column":4}},{"start":{"line":76,"column":4},"end":{"line":76,"column":4}}]},"11":{"line":85,"type":"if","locations":[{"start":{"line":85,"column":4},"end":{"line":85,"column":4}},{"start":{"line":85,"column":4},"end":{"line":85,"column":4}}]},"12":{"line":89,"type":"if","locations":[{"start":{"line":89,"column":4},"end":{"line":89,"column":4}},{"start":{"line":89,"column":4},"end":{"line":89,"column":4}}]},"13":{"line":96,"type":"if","locations":[{"start":{"line":96,"column":4},"end":{"line":96,"column":4}},{"start":{"line":96,"column":4},"end":{"line":96,"column":4}}]},"14":{"line":100,"type":"if","locations":[{"start":{"line":100,"column":4},"end":{"line":100,"column":4}},{"start":{"line":100,"column":4},"end":{"line":100,"column":4}}]},"15":{"line":106,"type":"if","locations":[{"start":{"line":106,"column":4},"end":{"line":106,"column":4}},{"start":{"line":106,"column":4},"end":{"line":106,"column":4}}]},"16":{"line":110,"type":"if","locations":[{"start":{"line":110,"column":4},"end":{"line":110,"column":4}},{"start":{"line":110,"column":4},"end":{"line":110,"column":4}}]},"17":{"line":116,"type":"if","locations":[{"start":{"line":116,"column":4},"end":{"line":116,"column":4}},{"start":{"line":116,"column":4},"end":{"line":116,"column":4}}]},"18":{"line":120,"type":"if","locations":[{"start":{"line":120,"column":4},"end":{"line":120,"column":4}},{"start":{"line":120,"column":4},"end":{"line":120,"column":4}}]}}},"/home/jericoestanislao/Documents/finaltask/src/domain/utils/validateInput.js":{"path":"/home/jericoestanislao/Documents/finaltask/src/domain/utils/validateInput.js","s":{"1":5,"2":5,"3":5,"4":0,"5":5,"6":0,"7":5,"8":0,"9":5,"10":1,"11":5,"12":0,"13":5,"14":0,"15":5,"16":0,"17":5,"18":1,"19":1,"20":1,"21":1},"b":{"1":[0,5],"2":[0,5],"3":[0,5],"4":[1,4],"5":[0,5],"6":[0,5],"7":[0,5],"8":[1,4]},"f":{"1":5,"2":5},"fnMap":{"1":{"name":"(anonymous_1)","line":4,"loc":{"start":{"line":4,"column":13},"end":{"line":4,"column":20}}},"2":{"name":"(anonymous_2)","line":9,"loc":{"start":{"line":9,"column":19},"end":{"line":9,"column":22}}}},"statementMap":{"1":{"start":{"line":5,"column":4},"end":{"line":5,"column":21}},"2":{"start":{"line":6,"column":4},"end":{"line":6,"column":21}},"3":{"start":{"line":11,"column":4},"end":{"line":13,"column":5}},"4":{"start":{"line":12,"column":6},"end":{"line":12,"column":49}},"5":{"start":{"line":15,"column":4},"end":{"line":17,"column":5}},"6":{"start":{"line":16,"column":6},"end":{"line":16,"column":44}},"7":{"start":{"line":19,"column":4},"end":{"line":21,"column":5}},"8":{"start":{"line":20,"column":6},"end":{"line":20,"column":48}},"9":{"start":{"line":23,"column":4},"end":{"line":26,"column":5}},"10":{"start":{"line":24,"column":6},"end":{"line":24,"column":45}},"11":{"start":{"line":27,"column":4},"end":{"line":30,"column":5}},"12":{"start":{"line":28,"column":6},"end":{"line":28,"column":48}},"13":{"start":{"line":31,"column":4},"end":{"line":33,"column":5}},"14":{"start":{"line":32,"column":6},"end":{"line":32,"column":47}},"15":{"start":{"line":34,"column":4},"end":{"line":36,"column":5}},"16":{"start":{"line":35,"column":6},"end":{"line":35,"column":46}},"17":{"start":{"line":38,"column":4},"end":{"line":42,"column":5}},"18":{"start":{"line":39,"column":6},"end":{"line":39,"column":30}},"19":{"start":{"line":40,"column":6},"end":{"line":40,"column":34}},"20":{"start":{"line":41,"column":6},"end":{"line":41,"column":19}},"21":{"start":{"line":49,"column":0},"end":{"line":49,"column":33}}},"branchMap":{"1":{"line":11,"type":"if","locations":[{"start":{"line":11,"column":4},"end":{"line":11,"column":4}},{"start":{"line":11,"column":4},"end":{"line":11,"column":4}}]},"2":{"line":15,"type":"if","locations":[{"start":{"line":15,"column":4},"end":{"line":15,"column":4}},{"start":{"line":15,"column":4},"end":{"line":15,"column":4}}]},"3":{"line":19,"type":"if","locations":[{"start":{"line":19,"column":4},"end":{"line":19,"column":4}},{"start":{"line":19,"column":4},"end":{"line":19,"column":4}}]},"4":{"line":23,"type":"if","locations":[{"start":{"line":23,"column":4},"end":{"line":23,"column":4}},{"start":{"line":23,"column":4},"end":{"line":23,"column":4}}]},"5":{"line":27,"type":"if","locations":[{"start":{"line":27,"column":4},"end":{"line":27,"column":4}},{"start":{"line":27,"column":4},"end":{"line":27,"column":4}}]},"6":{"line":31,"type":"if","locations":[{"start":{"line":31,"column":4},"end":{"line":31,"column":4}},{"start":{"line":31,"column":4},"end":{"line":31,"column":4}}]},"7":{"line":34,"type":"if","locations":[{"start":{"line":34,"column":4},"end":{"line":34,"column":4}},{"start":{"line":34,"column":4},"end":{"line":34,"column":4}}]},"8":{"line":38,"type":"if","locations":[{"start":{"line":38,"column":4},"end":{"line":38,"column":4}},{"start":{"line":38,"column":4},"end":{"line":38,"column":4}}]}}},"/home/jericoestanislao/Documents/finaltask/src/infra/encryption/hashPassword.js":{"path":"/home/jericoestanislao/Documents/finaltask/src/infra/encryption/hashPassword.js","s":{"1":1,"2":1,"3":0,"4":0,"5":1,"6":0,"7":0,"8":0,"9":0},"b":{},"f":{},"fnMap":{},"statementMap":{"1":{"start":{"line":1,"column":0},"end":{"line":1,"column":33}},"2":{"start":{"line":3,"column":0},"end":{"line":6,"column":2}},"3":{"start":{"line":4,"column":2},"end":{"line":4,"column":36}},"4":{"start":{"line":5,"column":2},"end":{"line":5,"column":41}},"5":{"start":{"line":8,"column":0},"end":{"line":16,"column":2}},"6":{"start":{"line":9,"column":2},"end":{"line":14,"column":3}},"7":{"start":{"line":10,"column":4},"end":{"line":10,"column":59}},"8":{"start":{"line":11,"column":4},"end":{"line":11,"column":18}},"9":{"start":{"line":13,"column":4},"end":{"line":13,"column":17}}},"branchMap":{}},"/home/jericoestanislao/Documents/finaltask/src/interfaces/http/middlewares/authenticationMiddleware.js":{"path":"/home/jericoestanislao/Documents/finaltask/src/interfaces/http/middlewares/authenticationMiddleware.js","s":{"1":1,"2":1,"3":2,"4":2,"5":2,"6":1,"7":1,"8":1},"b":{"1":[1,1]},"f":{},"fnMap":{},"statementMap":{"1":{"start":{"line":1,"column":0},"end":{"line":1,"column":45}},"2":{"start":{"line":3,"column":0},"end":{"line":12,"column":2}},"3":{"start":{"line":4,"column":2},"end":{"line":4,"column":46}},"4":{"start":{"line":5,"column":2},"end":{"line":5,"column":92}},"5":{"start":{"line":7,"column":2},"end":{"line":9,"column":3}},"6":{"start":{"line":8,"column":4},"end":{"line":8,"column":79}},"7":{"start":{"line":10,"column":2},"end":{"line":10,"column":31}},"8":{"start":{"line":11,"column":2},"end":{"line":11,"column":9}}},"branchMap":{"1":{"line":7,"type":"if","locations":[{"start":{"line":7,"column":2},"end":{"line":7,"column":2}},{"start":{"line":7,"column":2},"end":{"line":7,"column":2}}]}}}}