TN:
SF:/home/jericoestanislao/Documents/finaltask/src/domain/User.js
FN:35,(anonymous_1)
FN:44,(anonymous_2)
FN:57,(anonymous_3)
FN:70,(anonymous_4)
FN:84,(anonymous_5)
FN:95,(anonymous_6)
FN:105,(anonymous_7)
FN:115,(anonymous_8)
FNF:8
FNH:7
FNDA:0,(anonymous_1)
FNDA:5,(anonymous_2)
FNDA:5,(anonymous_3)
FNDA:5,(anonymous_4)
FNDA:6,(anonymous_5)
FNDA:5,(anonymous_6)
FNDA:5,(anonymous_7)
FNDA:5,(anonymous_8)
DA:1,1
DA:2,1
DA:3,1
DA:5,1
DA:36,0
DA:37,0
DA:38,0
DA:40,0
DA:45,5
DA:46,2
DA:48,3
DA:49,3
DA:50,0
DA:51,0
DA:54,3
DA:58,5
DA:59,5
DA:61,0
DA:62,0
DA:63,0
DA:65,0
DA:71,5
DA:72,1
DA:75,4
DA:76,4
DA:77,4
DA:80,0
DA:85,6
DA:86,3
DA:88,3
DA:89,3
DA:90,2
DA:92,1
DA:96,5
DA:97,5
DA:99,0
DA:100,0
DA:101,0
DA:103,0
DA:106,5
DA:107,5
DA:109,0
DA:110,0
DA:111,0
DA:113,0
DA:116,5
DA:117,5
DA:119,0
DA:120,0
DA:121,0
DA:123,0
DA:129,1
DA:131,1
DA:132,1
DA:133,1
DA:134,1
DA:137,1
LF:57
LH:34
BRDA:36,1,0,0
BRDA:36,1,1,0
BRDA:37,2,0,0
BRDA:37,2,1,0
BRDA:45,3,0,2
BRDA:45,3,1,3
BRDA:49,4,0,0
BRDA:49,4,1,3
BRDA:50,5,0,0
BRDA:50,5,1,0
BRDA:58,6,0,5
BRDA:58,6,1,0
BRDA:61,7,0,0
BRDA:61,7,1,0
BRDA:62,8,0,0
BRDA:62,8,1,0
BRDA:71,9,0,1
BRDA:71,9,1,4
BRDA:76,10,0,4
BRDA:76,10,1,0
BRDA:85,11,0,3
BRDA:85,11,1,3
BRDA:89,12,0,2
BRDA:89,12,1,1
BRDA:96,13,0,5
BRDA:96,13,1,0
BRDA:100,14,0,0
BRDA:100,14,1,0
BRDA:106,15,0,5
BRDA:106,15,1,0
BRDA:110,16,0,0
BRDA:110,16,1,0
BRDA:116,17,0,5
BRDA:116,17,1,0
BRDA:120,18,0,0
BRDA:120,18,1,0
BRF:36
BRH:14
end_of_record
TN:
SF:/home/jericoestanislao/Documents/finaltask/src/domain/utils/validateInput.js
FN:4,(anonymous_1)
FN:9,(anonymous_2)
FNF:2
FNH:2
FNDA:5,(anonymous_1)
FNDA:5,(anonymous_2)
DA:5,5
DA:6,5
DA:11,5
DA:12,0
DA:15,5
DA:16,0
DA:19,5
DA:20,0
DA:23,5
DA:24,1
DA:27,5
DA:28,0
DA:31,5
DA:32,0
DA:34,5
DA:35,0
DA:38,5
DA:39,1
DA:40,1
DA:41,1
DA:49,1
LF:21
LH:15
BRDA:11,1,0,0
BRDA:11,1,1,5
BRDA:15,2,0,0
BRDA:15,2,1,5
BRDA:19,3,0,0
BRDA:19,3,1,5
BRDA:23,4,0,1
BRDA:23,4,1,4
BRDA:27,5,0,0
BRDA:27,5,1,5
BRDA:31,6,0,0
BRDA:31,6,1,5
BRDA:34,7,0,0
BRDA:34,7,1,5
BRDA:38,8,0,1
BRDA:38,8,1,4
BRF:16
BRH:10
end_of_record
TN:
SF:/home/jericoestanislao/Documents/finaltask/src/infra/encryption/hashPassword.js
FNF:0
FNH:0
DA:1,1
DA:3,1
DA:4,0
DA:5,0
DA:8,1
DA:9,0
DA:10,0
DA:11,0
DA:13,0
LF:9
LH:3
BRF:0
BRH:0
end_of_record
TN:
SF:/home/jericoestanislao/Documents/finaltask/src/interfaces/http/middlewares/authenticationMiddleware.js
FNF:0
FNH:0
DA:1,1
DA:3,1
DA:4,2
DA:5,2
DA:7,2
DA:8,1
DA:10,1
DA:11,1
LF:8
LH:8
BRDA:7,1,0,1
BRDA:7,1,1,1
BRF:2
BRH:2
end_of_record
